[2024-05-23 02:24:48.811] [T] [pid 34816] [thread 34816] [:] Trace level message 0
[2024-05-23 02:24:48.811] [D] [pid 34816] [thread 34816] [:] Debug level message 0
[2024-05-23 02:24:48.811] [I] [pid 34816] [thread 34816] [:] Info level message 0
[2024-05-23 02:24:48.811] [W] [pid 34816] [thread 34816] [:] Warning level message 0
[2024-05-23 02:24:48.811] [E] [pid 34816] [thread 34816] [:] Error level message 0
[2024-05-23 02:24:48.811] [C] [pid 34816] [thread 34816] [:] Critical level message 0
[2024-05-23 02:24:48.811] [T] [pid 34816] [thread 34816] [:] Trace level message 1
[2024-05-23 02:24:48.811] [D] [pid 34816] [thread 34816] [:] Debug level message 1
[2024-05-23 02:24:48.811] [I] [pid 34816] [thread 34816] [:] Info level message 1
[2024-05-23 02:24:48.811] [W] [pid 34816] [thread 34816] [:] Warning level message 1
[2024-05-23 02:24:48.811] [E] [pid 34816] [thread 34816] [:] Error level message 1
[2024-05-23 02:24:48.811] [C] [pid 34816] [thread 34816] [:] Critical level message 1
[2024-05-23 02:24:48.811] [T] [pid 34816] [thread 34816] [:] Trace level message 2
[2024-05-23 02:24:48.811] [D] [pid 34816] [thread 34816] [:] Debug level message 2
[2024-05-23 02:24:48.811] [I] [pid 34816] [thread 34816] [:] Info level message 2
[2024-05-23 02:24:48.811] [W] [pid 34816] [thread 34816] [:] Warning level message 2
[2024-05-23 02:24:48.811] [E] [pid 34816] [thread 34816] [:] Error level message 2
[2024-05-23 02:24:48.811] [C] [pid 34816] [thread 34816] [:] Critical level message 2
[2024-05-23 02:24:48.811] [T] [pid 34816] [thread 34816] [:] Trace level message 3
[2024-05-23 02:24:48.811] [D] [pid 34816] [thread 34816] [:] Debug level message 3
[2024-05-23 02:24:48.811] [I] [pid 34816] [thread 34816] [:] Info level message 3
[2024-05-23 02:24:48.811] [W] [pid 34816] [thread 34816] [:] Warning level message 3
[2024-05-23 02:24:48.811] [E] [pid 34816] [thread 34816] [:] Error level message 3
[2024-05-23 02:24:48.811] [C] [pid 34816] [thread 34816] [:] Critical level message 3
[2024-05-23 02:24:48.811] [T] [pid 34816] [thread 34816] [:] Trace level message 4
[2024-05-23 02:24:48.811] [D] [pid 34816] [thread 34816] [:] Debug level message 4
[2024-05-23 02:24:48.811] [I] [pid 34816] [thread 34816] [:] Info level message 4
[2024-05-23 02:24:48.811] [W] [pid 34816] [thread 34816] [:] Warning level message 4
[2024-05-23 02:24:48.811] [E] [pid 34816] [thread 34816] [:] Error level message 4
[2024-05-23 02:24:48.811] [C] [pid 34816] [thread 34816] [:] Critical level message 4
[2024-05-23 02:24:48.814] [I] [pid 34816] [thread 34816] [:] This is an informational message that will appear in console and file.
