[
{
	"event_type" : "File created",
	"file_size" : 0,
	"new_hash" : "e3b0c44298fc1c149afbf4c8996fb92427ae41e4649b934ca495991b7852b855",
	"old_hash" : "N/A",
	"pid" : 9840,
	"target_file" : "/home/chlqls/Anti_Virus/monitor-list/hello.c",
	"timestamp" : "2024-06-24 16:34:35.626",
	"user" : "chlqls"
},
{
	"event_type" : "File modified",
	"file_size" : 108,
	"new_hash" : "1069a347bf001fbf73f2d7cdeb6e4e71db2b0e639e40c730cad3b130d8213942",
	"old_hash" : "e3b0c44298fc1c149afbf4c8996fb92427ae41e4649b934ca495991b7852b855",
	"pid" : 9840,
	"target_file" : "/home/chlqls/Anti_Virus/monitor-list/hello.c",
	"timestamp" : "2024-06-24 16:34:50.687",
	"user" : "chlqls"
},
{
	"event_type" : "File created",
	"file_size" : 0,
	"new_hash" : "e3b0c44298fc1c149afbf4c8996fb92427ae41e4649b934ca495991b7852b855",
	"old_hash" : "N/A",
	"pid" : 9840,
	"target_file" : "/home/chlqls/Anti_Virus/monitor-list/whs2.cpp",
	"timestamp" : "2024-06-24 16:35:00.639",
	"user" : "chlqls"
},
{
	"event_type" : "File modified",
	"file_size" : 0,
	"new_hash" : "5fdbd20130e7d5ff8f5a462d02687065143b33d9c4eb8bd56c6b3a5f55984c61",
	"old_hash" : "e3b0c44298fc1c149afbf4c8996fb92427ae41e4649b934ca495991b7852b855",
	"pid" : 9840,
	"target_file" : "/home/chlqls/Anti_Virus/monitor-list/whs2.cpp",
	"timestamp" : "2024-06-24 16:35:12.486",
	"user" : "chlqls"
},
{
	"event_type" : "File modified",
	"file_size" : 92,
	"new_hash" : "5fdbd20130e7d5ff8f5a462d02687065143b33d9c4eb8bd56c6b3a5f55984c61",
	"old_hash" : "5fdbd20130e7d5ff8f5a462d02687065143b33d9c4eb8bd56c6b3a5f55984c61",
	"pid" : 9840,
	"target_file" : "/home/chlqls/Anti_Virus/monitor-list/whs2.cpp",
	"timestamp" : "2024-06-24 16:35:12.506",
	"user" : "chlqls"
}
]