[
{
	"event_type" : "File modified",
	"file_size" : 0,
	"integrity_result" : "Changed",
	"new_hash" : "e3b0c44298fc1c149afbf4c8996fb92427ae41e4649b934ca495991b7852b855",
	"old_hash" : "cad443d3f8c4b16436d12543d95c4b4406ec5f32f7afe69bf383c87b9534aa0c",
	"pid" : 3189,
	"target_file" : "/home/choeun/Anti_Virus/monitor-list/hello.c",
	"timestamp" : "2024-06-03 04:51:10.722"
},
{
	"event_type" : "File modified",
	"file_size" : 108,
	"integrity_result" : "Changed",
	"new_hash" : "1069a347bf001fbf73f2d7cdeb6e4e71db2b0e639e40c730cad3b130d8213942",
	"old_hash" : "e3b0c44298fc1c149afbf4c8996fb92427ae41e4649b934ca495991b7852b855",
	"pid" : 3189,
	"target_file" : "/home/choeun/Anti_Virus/monitor-list/hello.c",
	"timestamp" : "2024-06-03 04:51:10.725"
}
]