[
{
	"event_type" : "File modified",
	"file_size" : 13,
	"integrity_result" : "Changed",
	"new_hash" : "1c87b6727f523662df714f06a94ea27fa4d9050c38f4f7712bd4663ffbfdfa01",
	"old_hash" : "3d91c1d18a09c3ddf3817ea69b79509058c135b044bf957eb839e0f9fff4ba6e",
	"pid" : 10339,
	"target_file" : "/home/chlqls/Anti_Virus/monitor-list/hello.c",
	"timestamp" : "2024-05-31 13:40:59.190"
},
{
	"event_type" : "File modified",
	"file_size" : 13,
	"integrity_result" : "Unchanged",
	"new_hash" : "1c87b6727f523662df714f06a94ea27fa4d9050c38f4f7712bd4663ffbfdfa01",
	"old_hash" : "1c87b6727f523662df714f06a94ea27fa4d9050c38f4f7712bd4663ffbfdfa01",
	"pid" : 10339,
	"target_file" : "/home/chlqls/Anti_Virus/monitor-list/hello.c",
	"timestamp" : "2024-05-31 13:41:07.165"
},
{
	"event_type" : "File created",
	"file_size" : 0,
	"integrity_result" : "Changed",
	"new_hash" : "e3b0c44298fc1c149afbf4c8996fb92427ae41e4649b934ca495991b7852b855",
	"old_hash" : "N/A",
	"pid" : 10339,
	"target_file" : "/home/chlqls/Anti_Virus/monitor-list/apple.txt",
	"timestamp" : "2024-05-31 13:41:25.338"
},
{
	"event_type" : "File deleted",
	"file_size" : "N/A",
	"integrity_result" : "Changed",
	"new_hash" : "N/A",
	"old_hash" : "e3b0c44298fc1c149afbf4c8996fb92427ae41e4649b934ca495991b7852b855",
	"pid" : 10339,
	"target_file" : "/home/chlqls/Anti_Virus/monitor-list/apple.txt",
	"timestamp" : "2024-05-31 13:41:54.586"
},
{
	"event_type" : "File moved from",
	"file_size" : "N/A",
	"integrity_result" : "Changed",
	"new_hash" : "N/A",
	"old_hash" : "3ce5b91a560c8a134e606cc3d924270755cd1b27ea6d087f3a553173ab274e97",
	"pid" : 10339,
	"target_file" : "/home/chlqls/Anti_Virus/monitor-list/whs2.cpp",
	"timestamp" : "2024-05-31 13:42:33.310"
}
]