[
{
	"event_type" : "File created",
	"file_size" : 0,
	"new_hash" : "e3b0c44298fc1c149afbf4c8996fb92427ae41e4649b934ca495991b7852b855",
	"old_hash" : "N/A",
	"pid" : 13120,
	"target_file" : "/home/chlqls/WHS/Anti_Virus/monitor-list/white.txt",
	"timestamp" : "2024-06-12 15:07:40.613",
	"user" : "chlqls"
},
{
	"event_type" : "File modified",
	"file_size" : 5,
	"new_hash" : "f2ca1bb6c7e907d06dafe4687e579fce76b37e4e93b7605022da52e6ccc26fd2",
	"old_hash" : "e3b0c44298fc1c149afbf4c8996fb92427ae41e4649b934ca495991b7852b855",
	"pid" : 13120,
	"target_file" : "/home/chlqls/WHS/Anti_Virus/monitor-list/white.txt",
	"timestamp" : "2024-06-12 15:07:48.289",
	"user" : "chlqls"
},
{
	"event_type" : "File modified",
	"file_size" : 5,
	"new_hash" : "f2ca1bb6c7e907d06dafe4687e579fce76b37e4e93b7605022da52e6ccc26fd2",
	"old_hash" : "f2ca1bb6c7e907d06dafe4687e579fce76b37e4e93b7605022da52e6ccc26fd2",
	"pid" : 13120,
	"target_file" : "/home/chlqls/WHS/Anti_Virus/monitor-list/white.txt",
	"timestamp" : "2024-06-12 15:07:50.143",
	"user" : "chlqls"
},
{
	"event_type" : "File moved from",
	"file_size" : 5,
	"new_hash" : "N/A",
	"old_hash" : "f2ca1bb6c7e907d06dafe4687e579fce76b37e4e93b7605022da52e6ccc26fd2",
	"pid" : 13120,
	"target_file" : "/home/chlqls/WHS/Anti_Virus/monitor-list/white.txt",
	"timestamp" : "2024-06-12 15:08:08.363",
	"user" : "chlqls"
},
{
	"event_type" : "File moved to",
	"file_size" : 5,
	"new_hash" : "f2ca1bb6c7e907d06dafe4687e579fce76b37e4e93b7605022da52e6ccc26fd2",
	"old_hash" : "N/A",
	"pid" : 13120,
	"target_file" : "/home/chlqls/WHS/Anti_Virus/monitor-list/black.txt",
	"timestamp" : "2024-06-12 15:08:08.374",
	"user" : "chlqls"
},
{
	"event_type" : "File deleted",
	"file_size" : 5,
	"new_hash" : "N/A",
	"old_hash" : "f2ca1bb6c7e907d06dafe4687e579fce76b37e4e93b7605022da52e6ccc26fd2",
	"pid" : 13120,
	"target_file" : "/home/chlqls/WHS/Anti_Virus/monitor-list/black.txt",
	"timestamp" : "2024-06-12 15:08:13.554",
	"user" : "chlqls"
}
]