[
{
	"event_type" : "File modified",
	"file_size" : 0,
	"new_hash" : "cad443d3f8c4b16436d12543d95c4b4406ec5f32f7afe69bf383c87b9534aa0c",
	"old_hash" : "1069a347bf001fbf73f2d7cdeb6e4e71db2b0e639e40c730cad3b130d8213942",
	"pid" : 6302,
	"target_file" : "/home/choeun/Anti_Virus/monitor-list/hello.c",
	"timestamp" : "2024-06-19 01:54:58.093",
	"user" : "choeun"
},
{
	"event_type" : "File modified",
	"file_size" : 107,
	"new_hash" : "cad443d3f8c4b16436d12543d95c4b4406ec5f32f7afe69bf383c87b9534aa0c",
	"old_hash" : "cad443d3f8c4b16436d12543d95c4b4406ec5f32f7afe69bf383c87b9534aa0c",
	"pid" : 6302,
	"target_file" : "/home/choeun/Anti_Virus/monitor-list/hello.c",
	"timestamp" : "2024-06-19 01:54:58.149",
	"user" : "choeun"
}
]