[
{
	"event_type" : "File modified",
	"file_size" : 107,
	"new_hash" : "cad443d3f8c4b16436d12543d95c4b4406ec5f32f7afe69bf383c87b9534aa0c",
	"old_hash" : "1069a347bf001fbf73f2d7cdeb6e4e71db2b0e639e40c730cad3b130d8213942",
	"pid" : 8791,
	"target_file" : "/home/choeun/Anti_Virus/monitor-list/hello.c",
	"timestamp" : "2024-06-14 01:36:27.402",
	"user" : "choeun"
},
{
	"event_type" : "File modified",
	"file_size" : 107,
	"new_hash" : "cad443d3f8c4b16436d12543d95c4b4406ec5f32f7afe69bf383c87b9534aa0c",
	"old_hash" : "cad443d3f8c4b16436d12543d95c4b4406ec5f32f7afe69bf383c87b9534aa0c",
	"pid" : 8791,
	"target_file" : "/home/choeun/Anti_Virus/monitor-list/hello.c",
	"timestamp" : "2024-06-14 01:36:27.521",
	"user" : "choeun"
},
{
	"event_type" : "File modified",
	"file_size" : 108,
	"new_hash" : "1069a347bf001fbf73f2d7cdeb6e4e71db2b0e639e40c730cad3b130d8213942",
	"old_hash" : "cad443d3f8c4b16436d12543d95c4b4406ec5f32f7afe69bf383c87b9534aa0c",
	"pid" : 3811,
	"target_file" : "/home/choeun/Anti_Virus/monitor-list/hello.c",
	"timestamp" : "2024-06-14 12:47:57.191",
	"user" : "choeun"
},
{
	"event_type" : "File modified",
	"file_size" : 108,
	"new_hash" : "1069a347bf001fbf73f2d7cdeb6e4e71db2b0e639e40c730cad3b130d8213942",
	"old_hash" : "1069a347bf001fbf73f2d7cdeb6e4e71db2b0e639e40c730cad3b130d8213942",
	"pid" : 3811,
	"target_file" : "/home/choeun/Anti_Virus/monitor-list/hello.c",
	"timestamp" : "2024-06-14 12:47:57.276",
	"user" : "choeun"
},
{
	"event_type" : "File modified",
	"file_size" : 91,
	"new_hash" : "08627f83dac9cc3fc392c97d5da8af1b21d1daaa752386b286bc2940b3724e62",
	"old_hash" : "N/A",
	"pid" : 6182,
	"target_file" : "/home/choeun/Anti_Virus/monitor-list/whs2.cpp",
	"timestamp" : "2024-06-14 13:15:52.495",
	"user" : "choeun"
},
{
	"event_type" : "File modified",
	"file_size" : 91,
	"new_hash" : "08627f83dac9cc3fc392c97d5da8af1b21d1daaa752386b286bc2940b3724e62",
	"old_hash" : "08627f83dac9cc3fc392c97d5da8af1b21d1daaa752386b286bc2940b3724e62",
	"pid" : 6182,
	"target_file" : "/home/choeun/Anti_Virus/monitor-list/whs2.cpp",
	"timestamp" : "2024-06-14 13:15:52.531",
	"user" : "choeun"
},
{
	"event_type" : "File modified",
	"file_size" : 107,
	"new_hash" : "cad443d3f8c4b16436d12543d95c4b4406ec5f32f7afe69bf383c87b9534aa0c",
	"old_hash" : "1069a347bf001fbf73f2d7cdeb6e4e71db2b0e639e40c730cad3b130d8213942",
	"pid" : 23820,
	"target_file" : "/home/choeun/Anti_Virus/monitor-list/hello.c",
	"timestamp" : "2024-06-14 19:12:34.682",
	"user" : "choeun"
},
{
	"event_type" : "File modified",
	"file_size" : 0,
	"new_hash" : "e3b0c44298fc1c149afbf4c8996fb92427ae41e4649b934ca495991b7852b855",
	"old_hash" : "08627f83dac9cc3fc392c97d5da8af1b21d1daaa752386b286bc2940b3724e62",
	"pid" : 23820,
	"target_file" : "/home/choeun/Anti_Virus/monitor-list/whs2.cpp",
	"timestamp" : "2024-06-14 19:12:44.893",
	"user" : "choeun"
},
{
	"event_type" : "File modified",
	"file_size" : 90,
	"new_hash" : "3ce5b91a560c8a134e606cc3d924270755cd1b27ea6d087f3a553173ab274e97",
	"old_hash" : "e3b0c44298fc1c149afbf4c8996fb92427ae41e4649b934ca495991b7852b855",
	"pid" : 23820,
	"target_file" : "/home/choeun/Anti_Virus/monitor-list/whs2.cpp",
	"timestamp" : "2024-06-14 19:12:45.045",
	"user" : "choeun"
},
{
	"event_type" : "File modified",
	"file_size" : 0,
	"new_hash" : "e3b0c44298fc1c149afbf4c8996fb92427ae41e4649b934ca495991b7852b855",
	"old_hash" : "cad443d3f8c4b16436d12543d95c4b4406ec5f32f7afe69bf383c87b9534aa0c",
	"pid" : 25840,
	"target_file" : "/home/choeun/Anti_Virus/monitor-list/hello.c",
	"timestamp" : "2024-06-14 19:21:00.807",
	"user" : "choeun"
},
{
	"event_type" : "File modified",
	"file_size" : 108,
	"new_hash" : "1069a347bf001fbf73f2d7cdeb6e4e71db2b0e639e40c730cad3b130d8213942",
	"old_hash" : "e3b0c44298fc1c149afbf4c8996fb92427ae41e4649b934ca495991b7852b855",
	"pid" : 25840,
	"target_file" : "/home/choeun/Anti_Virus/monitor-list/hello.c",
	"timestamp" : "2024-06-14 19:21:00.835",
	"user" : "choeun"
}
]