[
{
	"event_type" : "File modified",
	"file_size" : 0,
	"new_hash" : "e3b0c44298fc1c149afbf4c8996fb92427ae41e4649b934ca495991b7852b855",
	"old_hash" : "3ce5b91a560c8a134e606cc3d924270755cd1b27ea6d087f3a553173ab274e97",
	"pid" : 3923,
	"target_file" : "/home/choeun/Anti_Virus/monitor-list/whs2.cpp",
	"timestamp" : "2024-06-15 05:37:08.342",
	"user" : "choeun"
},
{
	"event_type" : "File modified",
	"file_size" : 92,
	"new_hash" : "5fdbd20130e7d5ff8f5a462d02687065143b33d9c4eb8bd56c6b3a5f55984c61",
	"old_hash" : "e3b0c44298fc1c149afbf4c8996fb92427ae41e4649b934ca495991b7852b855",
	"pid" : 3923,
	"target_file" : "/home/choeun/Anti_Virus/monitor-list/whs2.cpp",
	"timestamp" : "2024-06-15 05:37:08.446",
	"user" : "choeun"
}
]