[
{
	"event_type" : "File modified",
	"file_size" : 107,
	"integrity_result" : "Changed",
	"new_hash" : "cad443d3f8c4b16436d12543d95c4b4406ec5f32f7afe69bf383c87b9534aa0c",
	"old_hash" : "3d91c1d18a09c3ddf3817ea69b79509058c135b044bf957eb839e0f9fff4ba6e",
	"pid" : 93262,
	"target_file" : "/home/choeun/Anti_Virus/monitor-list/hello.c",
	"timestamp" : "2024-06-01 11:09:13.796"
},
{
	"event_type" : "File modified",
	"file_size" : 107,
	"integrity_result" : "Unchanged",
	"new_hash" : "cad443d3f8c4b16436d12543d95c4b4406ec5f32f7afe69bf383c87b9534aa0c",
	"old_hash" : "cad443d3f8c4b16436d12543d95c4b4406ec5f32f7afe69bf383c87b9534aa0c",
	"pid" : 93262,
	"target_file" : "/home/choeun/Anti_Virus/monitor-list/hello.c",
	"timestamp" : "2024-06-01 11:09:13.821"
}
]