[
{
	"event_type" : "File modified",
	"file_size" : 13,
	"integrity_result" : "Changed",
	"new_hash" : "1c87b6727f523662df714f06a94ea27fa4d9050c38f4f7712bd4663ffbfdfa01",
	"old_hash" : "3d91c1d18a09c3ddf3817ea69b79509058c135b044bf957eb839e0f9fff4ba6e",
	"pid" : 3354,
	"target_file" : "/home/chlqls/Anti_Virus/monitor-list/hello.c",
	"timestamp" : "2024-06-02 02:36:04.650"
},
{
	"event_type" : "File created",
	"file_size" : 0,
	"integrity_result" : "Changed",
	"new_hash" : "e3b0c44298fc1c149afbf4c8996fb92427ae41e4649b934ca495991b7852b855",
	"old_hash" : "N/A",
	"pid" : 3354,
	"target_file" : "/home/chlqls/Anti_Virus/monitor-list/apple.txt",
	"timestamp" : "2024-06-02 02:36:37.663"
}
]