[2024-06-16 06:40:17.267] [T] [pid 23766] [thread 23766] [:] Trace level message 0
[2024-06-16 06:40:17.267] [D] [pid 23766] [thread 23766] [:] Debug level message 0
[2024-06-16 06:40:17.267] [I] [pid 23766] [thread 23766] [:] Info level message 0
[2024-06-16 06:40:17.267] [W] [pid 23766] [thread 23766] [:] Warning level message 0
[2024-06-16 06:40:17.267] [E] [pid 23766] [thread 23766] [:] Error level message 0
[2024-06-16 06:40:17.267] [C] [pid 23766] [thread 23766] [:] Critical level message 0
[2024-06-16 06:40:17.267] [T] [pid 23766] [thread 23766] [:] Trace level message 1
[2024-06-16 06:40:17.267] [D] [pid 23766] [thread 23766] [:] Debug level message 1
[2024-06-16 06:40:17.267] [I] [pid 23766] [thread 23766] [:] Info level message 1
[2024-06-16 06:40:17.267] [W] [pid 23766] [thread 23766] [:] Warning level message 1
[2024-06-16 06:40:17.267] [E] [pid 23766] [thread 23766] [:] Error level message 1
[2024-06-16 06:40:17.267] [C] [pid 23766] [thread 23766] [:] Critical level message 1
[2024-06-16 06:40:17.267] [T] [pid 23766] [thread 23766] [:] Trace level message 2
[2024-06-16 06:40:17.267] [D] [pid 23766] [thread 23766] [:] Debug level message 2
[2024-06-16 06:40:17.267] [I] [pid 23766] [thread 23766] [:] Info level message 2
[2024-06-16 06:40:17.267] [W] [pid 23766] [thread 23766] [:] Warning level message 2
[2024-06-16 06:40:17.267] [E] [pid 23766] [thread 23766] [:] Error level message 2
[2024-06-16 06:40:17.267] [C] [pid 23766] [thread 23766] [:] Critical level message 2
[2024-06-16 06:40:17.267] [T] [pid 23766] [thread 23766] [:] Trace level message 3
[2024-06-16 06:40:17.267] [D] [pid 23766] [thread 23766] [:] Debug level message 3
[2024-06-16 06:40:17.267] [I] [pid 23766] [thread 23766] [:] Info level message 3
[2024-06-16 06:40:17.267] [W] [pid 23766] [thread 23766] [:] Warning level message 3
[2024-06-16 06:40:17.267] [E] [pid 23766] [thread 23766] [:] Error level message 3
[2024-06-16 06:40:17.267] [C] [pid 23766] [thread 23766] [:] Critical level message 3
[2024-06-16 06:40:17.267] [T] [pid 23766] [thread 23766] [:] Trace level message 4
[2024-06-16 06:40:17.267] [D] [pid 23766] [thread 23766] [:] Debug level message 4
[2024-06-16 06:40:17.267] [I] [pid 23766] [thread 23766] [:] Info level message 4
[2024-06-16 06:40:17.267] [W] [pid 23766] [thread 23766] [:] Warning level message 4
[2024-06-16 06:40:17.267] [E] [pid 23766] [thread 23766] [:] Error level message 4
[2024-06-16 06:40:17.267] [C] [pid 23766] [thread 23766] [:] Critical level message 4
